<?xml version="1.0" encoding="UTF-8"?>
<!-- Generated by org.testng.reporters.JUnitXMLReporter -->
<testsuite ignored="0" hostname="ElmerPC" failures="0" tests="5" name="TC001" time="11.139" errors="0" timestamp="2023-01-29T14:24:25 CST">
  <testcase classname="Testcases.TC001" name="search" time="4.096"/>
  <testcase classname="Testcases.TC001" name="northamerica" time="3.679"/>
  <testcase classname="Testcases.TC001" name="centralamerica" time="0.548"/>
  <testcase classname="Testcases.TC001" name="asia" time="0.454"/>
  <testcase classname="Testcases.TC001" name="close" time="0.211"/>
</testsuite> <!-- TC001 -->
